mar 24, 2020 11:03:07 PM com.redhat.quarkus.ls.QuarkusLanguageServer initialize
INFORMAÇÕES: Initializing Quarkus server 0.0.4-20191120-1547 with C:\Program Files\JetBrains\IntelliJ IDEA Community Edition 2019.2.3\jbr
mar 25, 2020 12:18:54 AM org.eclipse.lsp4j.jsonrpc.RemoteEndpoint logIssues
ADVERTÊNCIA: Issue found in NotificationMessage: Message could not be parsed.
com.google.gson.stream.MalformedJsonException: Use JsonReader.setLenient(true) to accept malformed JSON at line 1 column 376 path $
	at com.google.gson.stream.JsonReader.syntaxError(JsonReader.java:1568)
	at com.google.gson.stream.JsonReader.checkLenient(JsonReader.java:1409)
	at com.google.gson.stream.JsonReader.doPeek(JsonReader.java:542)
	at com.google.gson.stream.JsonReader.peek(JsonReader.java:425)
	at org.eclipse.lsp4j.jsonrpc.json.MessageJsonHandler.parseMessage(MessageJsonHandler.java:124)
	at org.eclipse.lsp4j.jsonrpc.json.MessageJsonHandler.parseMessage(MessageJsonHandler.java:114)
	at org.eclipse.lsp4j.jsonrpc.json.StreamMessageProducer.handleMessage(StreamMessageProducer.java:193)
	at org.eclipse.lsp4j.jsonrpc.json.StreamMessageProducer.listen(StreamMessageProducer.java:94)
	at org.eclipse.lsp4j.jsonrpc.json.ConcurrentMessageProcessor.run(ConcurrentMessageProcessor.java:113)
	at java.base/java.util.concurrent.Executors$RunnableAdapter.call(Executors.java:515)
	at java.base/java.util.concurrent.FutureTask.run(FutureTask.java:264)
	at java.base/java.util.concurrent.ThreadPoolExecutor.runWorker(ThreadPoolExecutor.java:1128)
	at java.base/java.util.concurrent.ThreadPoolExecutor$Worker.run(ThreadPoolExecutor.java:628)
	at java.base/java.lang.Thread.run(Thread.java:834)

mar 25, 2020 12:18:54 AM org.eclipse.lsp4j.jsonrpc.json.StreamMessageProducer fireError
GRAVE: Missing header Content-Length in input "ontent-Length: 349

"
java.lang.IllegalStateException: Missing header Content-Length in input "ontent-Length: 349

"
	at org.eclipse.lsp4j.jsonrpc.json.StreamMessageProducer.listen(StreamMessageProducer.java:91)
	at org.eclipse.lsp4j.jsonrpc.json.ConcurrentMessageProcessor.run(ConcurrentMessageProcessor.java:113)
	at java.base/java.util.concurrent.Executors$RunnableAdapter.call(Executors.java:515)
	at java.base/java.util.concurrent.FutureTask.run(FutureTask.java:264)
	at java.base/java.util.concurrent.ThreadPoolExecutor.runWorker(ThreadPoolExecutor.java:1128)
	at java.base/java.util.concurrent.ThreadPoolExecutor$Worker.run(ThreadPoolExecutor.java:628)
	at java.base/java.lang.Thread.run(Thread.java:834)

mar 25, 2020 12:18:54 AM org.eclipse.lsp4j.jsonrpc.json.StreamMessageProducer fireError
GRAVE: Missing header Content-Length in input "{"jsonrpc":"2.0","method":"textDocument/didChange","params":{"textDocument":{"version":3,"uri":"file:///C:/Users/Rodrigo/Desktop/SPRINT_6_REFACTORY/novo-progredir/code-with-quarkus/src/main/resources/application.properties"},"contentChanges":[{"range":{"start":{"line":3,"character":21},"end":{"line":3,"character":22}},"rangeLength":0,"text":""}]}}Content-Length: 349

"
java.lang.IllegalStateException: Missing header Content-Length in input "{"jsonrpc":"2.0","method":"textDocument/didChange","params":{"textDocument":{"version":3,"uri":"file:///C:/Users/Rodrigo/Desktop/SPRINT_6_REFACTORY/novo-progredir/code-with-quarkus/src/main/resources/application.properties"},"contentChanges":[{"range":{"start":{"line":3,"character":21},"end":{"line":3,"character":22}},"rangeLength":0,"text":""}]}}Content-Length: 349

"
	at org.eclipse.lsp4j.jsonrpc.json.StreamMessageProducer.listen(StreamMessageProducer.java:91)
	at org.eclipse.lsp4j.jsonrpc.json.ConcurrentMessageProcessor.run(ConcurrentMessageProcessor.java:113)
	at java.base/java.util.concurrent.Executors$RunnableAdapter.call(Executors.java:515)
	at java.base/java.util.concurrent.FutureTask.run(FutureTask.java:264)
	at java.base/java.util.concurrent.ThreadPoolExecutor.runWorker(ThreadPoolExecutor.java:1128)
	at java.base/java.util.concurrent.ThreadPoolExecutor$Worker.run(ThreadPoolExecutor.java:628)
	at java.base/java.lang.Thread.run(Thread.java:834)

mar 25, 2020 12:19:09 AM org.eclipse.lsp4j.jsonrpc.json.StreamMessageProducer fireError
GRAVE: Missing header Content-Length in input "{"jsonrpc":"2.0","method":"textDocument/didChange","params":{"textDocument":{"version":4,"uri":"file:///C:/Users/Rodrigo/Desktop/SPRINT_6_REFACTORY/novo-progredir/code-with-quarkus/src/main/resources/application.properties"},"contentChanges":[{"range":{"start":{"line":3,"character":20},"end":{"line":3,"character":21}},"rangeLength":0,"text":""}]}}Content-Length: 350

"
java.lang.IllegalStateException: Missing header Content-Length in input "{"jsonrpc":"2.0","method":"textDocument/didChange","params":{"textDocument":{"version":4,"uri":"file:///C:/Users/Rodrigo/Desktop/SPRINT_6_REFACTORY/novo-progredir/code-with-quarkus/src/main/resources/application.properties"},"contentChanges":[{"range":{"start":{"line":3,"character":20},"end":{"line":3,"character":21}},"rangeLength":0,"text":""}]}}Content-Length: 350

"
	at org.eclipse.lsp4j.jsonrpc.json.StreamMessageProducer.listen(StreamMessageProducer.java:91)
	at org.eclipse.lsp4j.jsonrpc.json.ConcurrentMessageProcessor.run(ConcurrentMessageProcessor.java:113)
	at java.base/java.util.concurrent.Executors$RunnableAdapter.call(Executors.java:515)
	at java.base/java.util.concurrent.FutureTask.run(FutureTask.java:264)
	at java.base/java.util.concurrent.ThreadPoolExecutor.runWorker(ThreadPoolExecutor.java:1128)
	at java.base/java.util.concurrent.ThreadPoolExecutor$Worker.run(ThreadPoolExecutor.java:628)
	at java.base/java.lang.Thread.run(Thread.java:834)

mar 25, 2020 12:19:09 AM org.eclipse.lsp4j.jsonrpc.json.StreamMessageProducer fireError
GRAVE: Missing header Content-Length in input "{"jsonrpc":"2.0","method":"textDocument/didChange","params":{"textDocument":{"version":5,"uri":"file:///C:/Users/Rodrigo/Desktop/SPRINT_6_REFACTORY/novo-progredir/code-with-quarkus/src/main/resources/application.properties"},"contentChanges":[{"range":{"start":{"line":3,"character":20},"end":{"line":3,"character":20}},"rangeLength":0,"text":"8"}]}}Content-Length: 261

"
java.lang.IllegalStateException: Missing header Content-Length in input "{"jsonrpc":"2.0","method":"textDocument/didChange","params":{"textDocument":{"version":5,"uri":"file:///C:/Users/Rodrigo/Desktop/SPRINT_6_REFACTORY/novo-progredir/code-with-quarkus/src/main/resources/application.properties"},"contentChanges":[{"range":{"start":{"line":3,"character":20},"end":{"line":3,"character":20}},"rangeLength":0,"text":"8"}]}}Content-Length: 261

"
	at org.eclipse.lsp4j.jsonrpc.json.StreamMessageProducer.listen(StreamMessageProducer.java:91)
	at org.eclipse.lsp4j.jsonrpc.json.ConcurrentMessageProcessor.run(ConcurrentMessageProcessor.java:113)
	at java.base/java.util.concurrent.Executors$RunnableAdapter.call(Executors.java:515)
	at java.base/java.util.concurrent.FutureTask.run(FutureTask.java:264)
	at java.base/java.util.concurrent.ThreadPoolExecutor.runWorker(ThreadPoolExecutor.java:1128)
	at java.base/java.util.concurrent.ThreadPoolExecutor$Worker.run(ThreadPoolExecutor.java:628)
	at java.base/java.lang.Thread.run(Thread.java:834)

mar 25, 2020 12:19:19 AM org.eclipse.lsp4j.jsonrpc.json.StreamMessageProducer fireError
GRAVE: Missing header Content-Length in input "{"jsonrpc":"2.0","id":"2","method":"textDocument/completion","params":{"textDocument":{"uri":"file:///C:/Users/Rodrigo/Desktop/SPRINT_6_REFACTORY/novo-progredir/code-with-quarkus/src/main/resources/application.properties"},"position":{"line":3,"character":21}}}Content-Length: 350

"
java.lang.IllegalStateException: Missing header Content-Length in input "{"jsonrpc":"2.0","id":"2","method":"textDocument/completion","params":{"textDocument":{"uri":"file:///C:/Users/Rodrigo/Desktop/SPRINT_6_REFACTORY/novo-progredir/code-with-quarkus/src/main/resources/application.properties"},"position":{"line":3,"character":21}}}Content-Length: 350

"
	at org.eclipse.lsp4j.jsonrpc.json.StreamMessageProducer.listen(StreamMessageProducer.java:91)
	at org.eclipse.lsp4j.jsonrpc.json.ConcurrentMessageProcessor.run(ConcurrentMessageProcessor.java:113)
	at java.base/java.util.concurrent.Executors$RunnableAdapter.call(Executors.java:515)
	at java.base/java.util.concurrent.FutureTask.run(FutureTask.java:264)
	at java.base/java.util.concurrent.ThreadPoolExecutor.runWorker(ThreadPoolExecutor.java:1128)
	at java.base/java.util.concurrent.ThreadPoolExecutor$Worker.run(ThreadPoolExecutor.java:628)
	at java.base/java.lang.Thread.run(Thread.java:834)

mar 25, 2020 12:19:19 AM org.eclipse.lsp4j.jsonrpc.json.StreamMessageProducer fireError
GRAVE: Missing header Content-Length in input "{"jsonrpc":"2.0","method":"textDocument/didChange","params":{"textDocument":{"version":6,"uri":"file:///C:/Users/Rodrigo/Desktop/SPRINT_6_REFACTORY/novo-progredir/code-with-quarkus/src/main/resources/application.properties"},"contentChanges":[{"range":{"start":{"line":3,"character":21},"end":{"line":3,"character":21}},"rangeLength":0,"text":"1"}]}}Content-Length: 224

"
java.lang.IllegalStateException: Missing header Content-Length in input "{"jsonrpc":"2.0","method":"textDocument/didChange","params":{"textDocument":{"version":6,"uri":"file:///C:/Users/Rodrigo/Desktop/SPRINT_6_REFACTORY/novo-progredir/code-with-quarkus/src/main/resources/application.properties"},"contentChanges":[{"range":{"start":{"line":3,"character":21},"end":{"line":3,"character":21}},"rangeLength":0,"text":"1"}]}}Content-Length: 224

"
	at org.eclipse.lsp4j.jsonrpc.json.StreamMessageProducer.listen(StreamMessageProducer.java:91)
	at org.eclipse.lsp4j.jsonrpc.json.ConcurrentMessageProcessor.run(ConcurrentMessageProcessor.java:113)
	at java.base/java.util.concurrent.Executors$RunnableAdapter.call(Executors.java:515)
	at java.base/java.util.concurrent.FutureTask.run(FutureTask.java:264)
	at java.base/java.util.concurrent.ThreadPoolExecutor.runWorker(ThreadPoolExecutor.java:1128)
	at java.base/java.util.concurrent.ThreadPoolExecutor$Worker.run(ThreadPoolExecutor.java:628)
	at java.base/java.lang.Thread.run(Thread.java:834)

mar 25, 2020 12:19:19 AM org.eclipse.lsp4j.jsonrpc.json.StreamMessageProducer fireError
GRAVE: Missing header Content-Length in input "{"jsonrpc":"2.0","method":"textDocument/willSave","params":{"textDocument":{"uri":"file:///C:/Users/Rodrigo/Desktop/SPRINT_6_REFACTORY/novo-progredir/code-with-quarkus/src/main/resources/application.properties"},"reason":1}}Content-Length: 224

"
java.lang.IllegalStateException: Missing header Content-Length in input "{"jsonrpc":"2.0","method":"textDocument/willSave","params":{"textDocument":{"uri":"file:///C:/Users/Rodrigo/Desktop/SPRINT_6_REFACTORY/novo-progredir/code-with-quarkus/src/main/resources/application.properties"},"reason":1}}Content-Length: 224

"
	at org.eclipse.lsp4j.jsonrpc.json.StreamMessageProducer.listen(StreamMessageProducer.java:91)
	at org.eclipse.lsp4j.jsonrpc.json.ConcurrentMessageProcessor.run(ConcurrentMessageProcessor.java:113)
	at java.base/java.util.concurrent.Executors$RunnableAdapter.call(Executors.java:515)
	at java.base/java.util.concurrent.FutureTask.run(FutureTask.java:264)
	at java.base/java.util.concurrent.ThreadPoolExecutor.runWorker(ThreadPoolExecutor.java:1128)
	at java.base/java.util.concurrent.ThreadPoolExecutor$Worker.run(ThreadPoolExecutor.java:628)
	at java.base/java.lang.Thread.run(Thread.java:834)

mar 25, 2020 12:19:19 AM org.eclipse.lsp4j.jsonrpc.json.StreamMessageProducer fireError
GRAVE: Missing header Content-Length in input "{"jsonrpc":"2.0","method":"textDocument/willSave","params":{"textDocument":{"uri":"file:///C:/Users/Rodrigo/Desktop/SPRINT_6_REFACTORY/novo-progredir/code-with-quarkus/src/main/resources/application.properties"},"reason":1}}Content-Length: 293

"
java.lang.IllegalStateException: Missing header Content-Length in input "{"jsonrpc":"2.0","method":"textDocument/willSave","params":{"textDocument":{"uri":"file:///C:/Users/Rodrigo/Desktop/SPRINT_6_REFACTORY/novo-progredir/code-with-quarkus/src/main/resources/application.properties"},"reason":1}}Content-Length: 293

"
	at org.eclipse.lsp4j.jsonrpc.json.StreamMessageProducer.listen(StreamMessageProducer.java:91)
	at org.eclipse.lsp4j.jsonrpc.json.ConcurrentMessageProcessor.run(ConcurrentMessageProcessor.java:113)
	at java.base/java.util.concurrent.Executors$RunnableAdapter.call(Executors.java:515)
	at java.base/java.util.concurrent.FutureTask.run(FutureTask.java:264)
	at java.base/java.util.concurrent.ThreadPoolExecutor.runWorker(ThreadPoolExecutor.java:1128)
	at java.base/java.util.concurrent.ThreadPoolExecutor$Worker.run(ThreadPoolExecutor.java:628)
	at java.base/java.lang.Thread.run(Thread.java:834)

mar 25, 2020 12:19:31 AM org.eclipse.lsp4j.jsonrpc.json.StreamMessageProducer fireError
GRAVE: Missing header Content-Length in input "{"jsonrpc":"2.0","method":"textDocument/didSave","params":{"textDocument":{"uri":"file:///C:/Users/Rodrigo/Desktop/SPRINT_6_REFACTORY/novo-progredir/code-with-quarkus/src/main/resources/application.properties"},"text":"# Configuration file\n# key \u003d value\n\nquarkus.http.port\u003d8081"}}Content-Length: 224

"
java.lang.IllegalStateException: Missing header Content-Length in input "{"jsonrpc":"2.0","method":"textDocument/didSave","params":{"textDocument":{"uri":"file:///C:/Users/Rodrigo/Desktop/SPRINT_6_REFACTORY/novo-progredir/code-with-quarkus/src/main/resources/application.properties"},"text":"# Configuration file\n# key \u003d value\n\nquarkus.http.port\u003d8081"}}Content-Length: 224

"
	at org.eclipse.lsp4j.jsonrpc.json.StreamMessageProducer.listen(StreamMessageProducer.java:91)
	at org.eclipse.lsp4j.jsonrpc.json.ConcurrentMessageProcessor.run(ConcurrentMessageProcessor.java:113)
	at java.base/java.util.concurrent.Executors$RunnableAdapter.call(Executors.java:515)
	at java.base/java.util.concurrent.FutureTask.run(FutureTask.java:264)
	at java.base/java.util.concurrent.ThreadPoolExecutor.runWorker(ThreadPoolExecutor.java:1128)
	at java.base/java.util.concurrent.ThreadPoolExecutor$Worker.run(ThreadPoolExecutor.java:628)
	at java.base/java.lang.Thread.run(Thread.java:834)

mar 25, 2020 12:19:48 AM org.eclipse.lsp4j.jsonrpc.json.StreamMessageProducer fireError
GRAVE: Missing header Content-Length in input "{"jsonrpc":"2.0","method":"textDocument/willSave","params":{"textDocument":{"uri":"file:///C:/Users/Rodrigo/Desktop/SPRINT_6_REFACTORY/novo-progredir/code-with-quarkus/src/main/resources/application.properties"},"reason":1}}Content-Length: 224

"
java.lang.IllegalStateException: Missing header Content-Length in input "{"jsonrpc":"2.0","method":"textDocument/willSave","params":{"textDocument":{"uri":"file:///C:/Users/Rodrigo/Desktop/SPRINT_6_REFACTORY/novo-progredir/code-with-quarkus/src/main/resources/application.properties"},"reason":1}}Content-Length: 224

"
	at org.eclipse.lsp4j.jsonrpc.json.StreamMessageProducer.listen(StreamMessageProducer.java:91)
	at org.eclipse.lsp4j.jsonrpc.json.ConcurrentMessageProcessor.run(ConcurrentMessageProcessor.java:113)
	at java.base/java.util.concurrent.Executors$RunnableAdapter.call(Executors.java:515)
	at java.base/java.util.concurrent.FutureTask.run(FutureTask.java:264)
	at java.base/java.util.concurrent.ThreadPoolExecutor.runWorker(ThreadPoolExecutor.java:1128)
	at java.base/java.util.concurrent.ThreadPoolExecutor$Worker.run(ThreadPoolExecutor.java:628)
	at java.base/java.lang.Thread.run(Thread.java:834)

mar 25, 2020 12:20:33 AM org.eclipse.lsp4j.jsonrpc.json.StreamMessageProducer fireError
GRAVE: Missing header Content-Length in input "{"jsonrpc":"2.0","method":"textDocument/willSave","params":{"textDocument":{"uri":"file:///C:/Users/Rodrigo/Desktop/SPRINT_6_REFACTORY/novo-progredir/code-with-quarkus/src/main/resources/application.properties"},"reason":1}}Content-Length: 220

"
java.lang.IllegalStateException: Missing header Content-Length in input "{"jsonrpc":"2.0","method":"textDocument/willSave","params":{"textDocument":{"uri":"file:///C:/Users/Rodrigo/Desktop/SPRINT_6_REFACTORY/novo-progredir/code-with-quarkus/src/main/resources/application.properties"},"reason":1}}Content-Length: 220

"
	at org.eclipse.lsp4j.jsonrpc.json.StreamMessageProducer.listen(StreamMessageProducer.java:91)
	at org.eclipse.lsp4j.jsonrpc.json.ConcurrentMessageProcessor.run(ConcurrentMessageProcessor.java:113)
	at java.base/java.util.concurrent.Executors$RunnableAdapter.call(Executors.java:515)
	at java.base/java.util.concurrent.FutureTask.run(FutureTask.java:264)
	at java.base/java.util.concurrent.ThreadPoolExecutor.runWorker(ThreadPoolExecutor.java:1128)
	at java.base/java.util.concurrent.ThreadPoolExecutor$Worker.run(ThreadPoolExecutor.java:628)
	at java.base/java.lang.Thread.run(Thread.java:834)

mar 25, 2020 12:20:33 AM org.eclipse.lsp4j.jsonrpc.json.StreamMessageProducer fireError
GRAVE: Missing header Content-Length in input "{"jsonrpc":"2.0","method":"workspace/didChangeWatchedFiles","params":{"changes":[{"uri":"file:///C:/Users/Rodrigo/Desktop/SPRINT_6_REFACTORY/novo-progredir/code-with-quarkus/target/code-with-quarkus-dev.jar","type":2}]}}Content-Length: 225

"
java.lang.IllegalStateException: Missing header Content-Length in input "{"jsonrpc":"2.0","method":"workspace/didChangeWatchedFiles","params":{"changes":[{"uri":"file:///C:/Users/Rodrigo/Desktop/SPRINT_6_REFACTORY/novo-progredir/code-with-quarkus/target/code-with-quarkus-dev.jar","type":2}]}}Content-Length: 225

"
	at org.eclipse.lsp4j.jsonrpc.json.StreamMessageProducer.listen(StreamMessageProducer.java:91)
	at org.eclipse.lsp4j.jsonrpc.json.ConcurrentMessageProcessor.run(ConcurrentMessageProcessor.java:113)
	at java.base/java.util.concurrent.Executors$RunnableAdapter.call(Executors.java:515)
	at java.base/java.util.concurrent.FutureTask.run(FutureTask.java:264)
	at java.base/java.util.concurrent.ThreadPoolExecutor.runWorker(ThreadPoolExecutor.java:1128)
	at java.base/java.util.concurrent.ThreadPoolExecutor$Worker.run(ThreadPoolExecutor.java:628)
	at java.base/java.lang.Thread.run(Thread.java:834)

mar 25, 2020 12:21:26 AM org.eclipse.lsp4j.jsonrpc.json.StreamMessageProducer fireError
GRAVE: Missing header Content-Length in input "{"jsonrpc":"2.0","method":"workspace/didChangeWatchedFiles","params":{"changes":[{"uri":"file:///C:/Users/Rodrigo/Desktop/SPRINT_6_REFACTORY/novo-progredir/code-with-quarkus/target/classes/application.properties","type":2}]}}Content-Length: 224

"
java.lang.IllegalStateException: Missing header Content-Length in input "{"jsonrpc":"2.0","method":"workspace/didChangeWatchedFiles","params":{"changes":[{"uri":"file:///C:/Users/Rodrigo/Desktop/SPRINT_6_REFACTORY/novo-progredir/code-with-quarkus/target/classes/application.properties","type":2}]}}Content-Length: 224

"
	at org.eclipse.lsp4j.jsonrpc.json.StreamMessageProducer.listen(StreamMessageProducer.java:91)
	at org.eclipse.lsp4j.jsonrpc.json.ConcurrentMessageProcessor.run(ConcurrentMessageProcessor.java:113)
	at java.base/java.util.concurrent.Executors$RunnableAdapter.call(Executors.java:515)
	at java.base/java.util.concurrent.FutureTask.run(FutureTask.java:264)
	at java.base/java.util.concurrent.ThreadPoolExecutor.runWorker(ThreadPoolExecutor.java:1128)
	at java.base/java.util.concurrent.ThreadPoolExecutor$Worker.run(ThreadPoolExecutor.java:628)
	at java.base/java.lang.Thread.run(Thread.java:834)

mar 25, 2020 12:31:36 AM org.eclipse.lsp4j.jsonrpc.json.StreamMessageProducer fireError
GRAVE: Missing header Content-Length in input "{"jsonrpc":"2.0","method":"textDocument/willSave","params":{"textDocument":{"uri":"file:///C:/Users/Rodrigo/Desktop/SPRINT_6_REFACTORY/novo-progredir/code-with-quarkus/src/main/resources/application.properties"},"reason":1}}Content-Length: 224

"
java.lang.IllegalStateException: Missing header Content-Length in input "{"jsonrpc":"2.0","method":"textDocument/willSave","params":{"textDocument":{"uri":"file:///C:/Users/Rodrigo/Desktop/SPRINT_6_REFACTORY/novo-progredir/code-with-quarkus/src/main/resources/application.properties"},"reason":1}}Content-Length: 224

"
	at org.eclipse.lsp4j.jsonrpc.json.StreamMessageProducer.listen(StreamMessageProducer.java:91)
	at org.eclipse.lsp4j.jsonrpc.json.ConcurrentMessageProcessor.run(ConcurrentMessageProcessor.java:113)
	at java.base/java.util.concurrent.Executors$RunnableAdapter.call(Executors.java:515)
	at java.base/java.util.concurrent.FutureTask.run(FutureTask.java:264)
	at java.base/java.util.concurrent.ThreadPoolExecutor.runWorker(ThreadPoolExecutor.java:1128)
	at java.base/java.util.concurrent.ThreadPoolExecutor$Worker.run(ThreadPoolExecutor.java:628)
	at java.base/java.lang.Thread.run(Thread.java:834)

mar 25, 2020 8:51:21 AM org.eclipse.lsp4j.jsonrpc.json.StreamMessageProducer fireError
GRAVE: Missing header Content-Length in input "{"jsonrpc":"2.0","method":"textDocument/willSave","params":{"textDocument":{"uri":"file:///C:/Users/Rodrigo/Desktop/SPRINT_6_REFACTORY/novo-progredir/code-with-quarkus/src/main/resources/application.properties"},"reason":1}}Content-Length: 219

"
java.lang.IllegalStateException: Missing header Content-Length in input "{"jsonrpc":"2.0","method":"textDocument/willSave","params":{"textDocument":{"uri":"file:///C:/Users/Rodrigo/Desktop/SPRINT_6_REFACTORY/novo-progredir/code-with-quarkus/src/main/resources/application.properties"},"reason":1}}Content-Length: 219

"
	at org.eclipse.lsp4j.jsonrpc.json.StreamMessageProducer.listen(StreamMessageProducer.java:91)
	at org.eclipse.lsp4j.jsonrpc.json.ConcurrentMessageProcessor.run(ConcurrentMessageProcessor.java:113)
	at java.base/java.util.concurrent.Executors$RunnableAdapter.call(Executors.java:515)
	at java.base/java.util.concurrent.FutureTask.run(FutureTask.java:264)
	at java.base/java.util.concurrent.ThreadPoolExecutor.runWorker(ThreadPoolExecutor.java:1128)
	at java.base/java.util.concurrent.ThreadPoolExecutor$Worker.run(ThreadPoolExecutor.java:628)
	at java.base/java.lang.Thread.run(Thread.java:834)

mar 25, 2020 8:51:41 AM org.eclipse.lsp4j.jsonrpc.json.StreamMessageProducer fireError
GRAVE: Missing header Content-Length in input "{"jsonrpc":"2.0","method":"workspace/didChangeWatchedFiles","params":{"changes":[{"uri":"file:///C:/Users/Rodrigo/Desktop/SPRINT_6_REFACTORY/novo-progredir/code-with-quarkus/lsp/properties_err_20200324.log","type":2}]}}Content-Length: 224

"
java.lang.IllegalStateException: Missing header Content-Length in input "{"jsonrpc":"2.0","method":"workspace/didChangeWatchedFiles","params":{"changes":[{"uri":"file:///C:/Users/Rodrigo/Desktop/SPRINT_6_REFACTORY/novo-progredir/code-with-quarkus/lsp/properties_err_20200324.log","type":2}]}}Content-Length: 224

"
	at org.eclipse.lsp4j.jsonrpc.json.StreamMessageProducer.listen(StreamMessageProducer.java:91)
	at org.eclipse.lsp4j.jsonrpc.json.ConcurrentMessageProcessor.run(ConcurrentMessageProcessor.java:113)
	at java.base/java.util.concurrent.Executors$RunnableAdapter.call(Executors.java:515)
	at java.base/java.util.concurrent.FutureTask.run(FutureTask.java:264)
	at java.base/java.util.concurrent.ThreadPoolExecutor.runWorker(ThreadPoolExecutor.java:1128)
	at java.base/java.util.concurrent.ThreadPoolExecutor$Worker.run(ThreadPoolExecutor.java:628)
	at java.base/java.lang.Thread.run(Thread.java:834)

mar 25, 2020 8:52:30 AM org.eclipse.lsp4j.jsonrpc.json.StreamMessageProducer fireError
GRAVE: Missing header Content-Length in input "{"jsonrpc":"2.0","method":"textDocument/willSave","params":{"textDocument":{"uri":"file:///C:/Users/Rodrigo/Desktop/SPRINT_6_REFACTORY/novo-progredir/code-with-quarkus/src/main/resources/application.properties"},"reason":1}}Content-Length: 219

"
java.lang.IllegalStateException: Missing header Content-Length in input "{"jsonrpc":"2.0","method":"textDocument/willSave","params":{"textDocument":{"uri":"file:///C:/Users/Rodrigo/Desktop/SPRINT_6_REFACTORY/novo-progredir/code-with-quarkus/src/main/resources/application.properties"},"reason":1}}Content-Length: 219

"
	at org.eclipse.lsp4j.jsonrpc.json.StreamMessageProducer.listen(StreamMessageProducer.java:91)
	at org.eclipse.lsp4j.jsonrpc.json.ConcurrentMessageProcessor.run(ConcurrentMessageProcessor.java:113)
	at java.base/java.util.concurrent.Executors$RunnableAdapter.call(Executors.java:515)
	at java.base/java.util.concurrent.FutureTask.run(FutureTask.java:264)
	at java.base/java.util.concurrent.ThreadPoolExecutor.runWorker(ThreadPoolExecutor.java:1128)
	at java.base/java.util.concurrent.ThreadPoolExecutor$Worker.run(ThreadPoolExecutor.java:628)
	at java.base/java.lang.Thread.run(Thread.java:834)

mar 25, 2020 8:52:30 AM org.eclipse.lsp4j.jsonrpc.json.StreamMessageProducer fireError
GRAVE: Missing header Content-Length in input "{"jsonrpc":"2.0","method":"workspace/didChangeWatchedFiles","params":{"changes":[{"uri":"file:///C:/Users/Rodrigo/Desktop/SPRINT_6_REFACTORY/novo-progredir/code-with-quarkus/lsp/properties_err_20200324.log","type":2}]}}Content-Length: 224

"
java.lang.IllegalStateException: Missing header Content-Length in input "{"jsonrpc":"2.0","method":"workspace/didChangeWatchedFiles","params":{"changes":[{"uri":"file:///C:/Users/Rodrigo/Desktop/SPRINT_6_REFACTORY/novo-progredir/code-with-quarkus/lsp/properties_err_20200324.log","type":2}]}}Content-Length: 224

"
	at org.eclipse.lsp4j.jsonrpc.json.StreamMessageProducer.listen(StreamMessageProducer.java:91)
	at org.eclipse.lsp4j.jsonrpc.json.ConcurrentMessageProcessor.run(ConcurrentMessageProcessor.java:113)
	at java.base/java.util.concurrent.Executors$RunnableAdapter.call(Executors.java:515)
	at java.base/java.util.concurrent.FutureTask.run(FutureTask.java:264)
	at java.base/java.util.concurrent.ThreadPoolExecutor.runWorker(ThreadPoolExecutor.java:1128)
	at java.base/java.util.concurrent.ThreadPoolExecutor$Worker.run(ThreadPoolExecutor.java:628)
	at java.base/java.lang.Thread.run(Thread.java:834)

mar 25, 2020 11:43:21 AM org.eclipse.lsp4j.jsonrpc.json.StreamMessageProducer fireError
GRAVE: Missing header Content-Length in input "{"jsonrpc":"2.0","method":"textDocument/willSave","params":{"textDocument":{"uri":"file:///C:/Users/Rodrigo/Desktop/SPRINT_6_REFACTORY/novo-progredir/code-with-quarkus/src/main/resources/application.properties"},"reason":1}}Content-Length: 219

"
java.lang.IllegalStateException: Missing header Content-Length in input "{"jsonrpc":"2.0","method":"textDocument/willSave","params":{"textDocument":{"uri":"file:///C:/Users/Rodrigo/Desktop/SPRINT_6_REFACTORY/novo-progredir/code-with-quarkus/src/main/resources/application.properties"},"reason":1}}Content-Length: 219

"
	at org.eclipse.lsp4j.jsonrpc.json.StreamMessageProducer.listen(StreamMessageProducer.java:91)
	at org.eclipse.lsp4j.jsonrpc.json.ConcurrentMessageProcessor.run(ConcurrentMessageProcessor.java:113)
	at java.base/java.util.concurrent.Executors$RunnableAdapter.call(Executors.java:515)
	at java.base/java.util.concurrent.FutureTask.run(FutureTask.java:264)
	at java.base/java.util.concurrent.ThreadPoolExecutor.runWorker(ThreadPoolExecutor.java:1128)
	at java.base/java.util.concurrent.ThreadPoolExecutor$Worker.run(ThreadPoolExecutor.java:628)
	at java.base/java.lang.Thread.run(Thread.java:834)

mar 25, 2020 11:43:24 AM org.eclipse.lsp4j.jsonrpc.json.StreamMessageProducer fireError
GRAVE: Missing header Content-Length in input "{"jsonrpc":"2.0","method":"workspace/didChangeWatchedFiles","params":{"changes":[{"uri":"file:///C:/Users/Rodrigo/Desktop/SPRINT_6_REFACTORY/novo-progredir/code-with-quarkus/lsp/properties_err_20200324.log","type":2}]}}Content-Length: 219

"
java.lang.IllegalStateException: Missing header Content-Length in input "{"jsonrpc":"2.0","method":"workspace/didChangeWatchedFiles","params":{"changes":[{"uri":"file:///C:/Users/Rodrigo/Desktop/SPRINT_6_REFACTORY/novo-progredir/code-with-quarkus/lsp/properties_err_20200324.log","type":2}]}}Content-Length: 219

"
	at org.eclipse.lsp4j.jsonrpc.json.StreamMessageProducer.listen(StreamMessageProducer.java:91)
	at org.eclipse.lsp4j.jsonrpc.json.ConcurrentMessageProcessor.run(ConcurrentMessageProcessor.java:113)
	at java.base/java.util.concurrent.Executors$RunnableAdapter.call(Executors.java:515)
	at java.base/java.util.concurrent.FutureTask.run(FutureTask.java:264)
	at java.base/java.util.concurrent.ThreadPoolExecutor.runWorker(ThreadPoolExecutor.java:1128)
	at java.base/java.util.concurrent.ThreadPoolExecutor$Worker.run(ThreadPoolExecutor.java:628)
	at java.base/java.lang.Thread.run(Thread.java:834)

mar 25, 2020 11:43:24 AM org.eclipse.lsp4j.jsonrpc.json.StreamMessageProducer fireError
GRAVE: Missing header Content-Length in input "{"jsonrpc":"2.0","method":"workspace/didChangeWatchedFiles","params":{"changes":[{"uri":"file:///C:/Users/Rodrigo/Desktop/SPRINT_6_REFACTORY/novo-progredir/code-with-quarkus/lsp/properties_err_20200324.log","type":2}]}}Content-Length: 219

"
java.lang.IllegalStateException: Missing header Content-Length in input "{"jsonrpc":"2.0","method":"workspace/didChangeWatchedFiles","params":{"changes":[{"uri":"file:///C:/Users/Rodrigo/Desktop/SPRINT_6_REFACTORY/novo-progredir/code-with-quarkus/lsp/properties_err_20200324.log","type":2}]}}Content-Length: 219

"
	at org.eclipse.lsp4j.jsonrpc.json.StreamMessageProducer.listen(StreamMessageProducer.java:91)
	at org.eclipse.lsp4j.jsonrpc.json.ConcurrentMessageProcessor.run(ConcurrentMessageProcessor.java:113)
	at java.base/java.util.concurrent.Executors$RunnableAdapter.call(Executors.java:515)
	at java.base/java.util.concurrent.FutureTask.run(FutureTask.java:264)
	at java.base/java.util.concurrent.ThreadPoolExecutor.runWorker(ThreadPoolExecutor.java:1128)
	at java.base/java.util.concurrent.ThreadPoolExecutor$Worker.run(ThreadPoolExecutor.java:628)
	at java.base/java.lang.Thread.run(Thread.java:834)

mar 25, 2020 11:43:36 AM org.eclipse.lsp4j.jsonrpc.json.StreamMessageProducer fireError
GRAVE: Missing header Content-Length in input "{"jsonrpc":"2.0","method":"workspace/didChangeWatchedFiles","params":{"changes":[{"uri":"file:///C:/Users/Rodrigo/Desktop/SPRINT_6_REFACTORY/novo-progredir/code-with-quarkus/lsp/properties_err_20200324.log","type":2}]}}Content-Length: 224

"
java.lang.IllegalStateException: Missing header Content-Length in input "{"jsonrpc":"2.0","method":"workspace/didChangeWatchedFiles","params":{"changes":[{"uri":"file:///C:/Users/Rodrigo/Desktop/SPRINT_6_REFACTORY/novo-progredir/code-with-quarkus/lsp/properties_err_20200324.log","type":2}]}}Content-Length: 224

"
	at org.eclipse.lsp4j.jsonrpc.json.StreamMessageProducer.listen(StreamMessageProducer.java:91)
	at org.eclipse.lsp4j.jsonrpc.json.ConcurrentMessageProcessor.run(ConcurrentMessageProcessor.java:113)
	at java.base/java.util.concurrent.Executors$RunnableAdapter.call(Executors.java:515)
	at java.base/java.util.concurrent.FutureTask.run(FutureTask.java:264)
	at java.base/java.util.concurrent.ThreadPoolExecutor.runWorker(ThreadPoolExecutor.java:1128)
	at java.base/java.util.concurrent.ThreadPoolExecutor$Worker.run(ThreadPoolExecutor.java:628)
	at java.base/java.lang.Thread.run(Thread.java:834)

mar 25, 2020 1:28:59 PM org.eclipse.lsp4j.jsonrpc.json.StreamMessageProducer fireError
GRAVE: Missing header Content-Length in input "{"jsonrpc":"2.0","method":"textDocument/willSave","params":{"textDocument":{"uri":"file:///C:/Users/Rodrigo/Desktop/SPRINT_6_REFACTORY/novo-progredir/code-with-quarkus/src/main/resources/application.properties"},"reason":1}}Content-Length: 161

"
java.lang.IllegalStateException: Missing header Content-Length in input "{"jsonrpc":"2.0","method":"textDocument/willSave","params":{"textDocument":{"uri":"file:///C:/Users/Rodrigo/Desktop/SPRINT_6_REFACTORY/novo-progredir/code-with-quarkus/src/main/resources/application.properties"},"reason":1}}Content-Length: 161

"
	at org.eclipse.lsp4j.jsonrpc.json.StreamMessageProducer.listen(StreamMessageProducer.java:91)
	at org.eclipse.lsp4j.jsonrpc.json.ConcurrentMessageProcessor.run(ConcurrentMessageProcessor.java:113)
	at java.base/java.util.concurrent.Executors$RunnableAdapter.call(Executors.java:515)
	at java.base/java.util.concurrent.FutureTask.run(FutureTask.java:264)
	at java.base/java.util.concurrent.ThreadPoolExecutor.runWorker(ThreadPoolExecutor.java:1128)
	at java.base/java.util.concurrent.ThreadPoolExecutor$Worker.run(ThreadPoolExecutor.java:628)
	at java.base/java.lang.Thread.run(Thread.java:834)

mar 25, 2020 1:28:59 PM org.eclipse.lsp4j.jsonrpc.json.StreamMessageProducer fireError
GRAVE: Missing header Content-Length in input "{"jsonrpc":"2.0","method":"workspace/didChangeWatchedFiles","params":{"changes":[{"uri":"file:///C:/Users/Rodrigo/Desktop/aguardando_entrevista.PNG","type":1}]}}Content-Length: 141

"
java.lang.IllegalStateException: Missing header Content-Length in input "{"jsonrpc":"2.0","method":"workspace/didChangeWatchedFiles","params":{"changes":[{"uri":"file:///C:/Users/Rodrigo/Desktop/aguardando_entrevista.PNG","type":1}]}}Content-Length: 141

"
	at org.eclipse.lsp4j.jsonrpc.json.StreamMessageProducer.listen(StreamMessageProducer.java:91)
	at org.eclipse.lsp4j.jsonrpc.json.ConcurrentMessageProcessor.run(ConcurrentMessageProcessor.java:113)
	at java.base/java.util.concurrent.Executors$RunnableAdapter.call(Executors.java:515)
	at java.base/java.util.concurrent.FutureTask.run(FutureTask.java:264)
	at java.base/java.util.concurrent.ThreadPoolExecutor.runWorker(ThreadPoolExecutor.java:1128)
	at java.base/java.util.concurrent.ThreadPoolExecutor$Worker.run(ThreadPoolExecutor.java:628)
	at java.base/java.lang.Thread.run(Thread.java:834)

mar 25, 2020 1:28:59 PM org.eclipse.lsp4j.jsonrpc.json.StreamMessageProducer fireError
GRAVE: Missing header Content-Length in input "{"jsonrpc":"2.0","method":"workspace/didChangeWatchedFiles","params":{"changes":[{"uri":"file:///C:/Users/Rodrigo/.bash_history","type":2}]}}Content-Length: 143

"
java.lang.IllegalStateException: Missing header Content-Length in input "{"jsonrpc":"2.0","method":"workspace/didChangeWatchedFiles","params":{"changes":[{"uri":"file:///C:/Users/Rodrigo/.bash_history","type":2}]}}Content-Length: 143

"
	at org.eclipse.lsp4j.jsonrpc.json.StreamMessageProducer.listen(StreamMessageProducer.java:91)
	at org.eclipse.lsp4j.jsonrpc.json.ConcurrentMessageProcessor.run(ConcurrentMessageProcessor.java:113)
	at java.base/java.util.concurrent.Executors$RunnableAdapter.call(Executors.java:515)
	at java.base/java.util.concurrent.FutureTask.run(FutureTask.java:264)
	at java.base/java.util.concurrent.ThreadPoolExecutor.runWorker(ThreadPoolExecutor.java:1128)
	at java.base/java.util.concurrent.ThreadPoolExecutor$Worker.run(ThreadPoolExecutor.java:628)
	at java.base/java.lang.Thread.run(Thread.java:834)

mar 25, 2020 1:28:59 PM org.eclipse.lsp4j.jsonrpc.json.StreamMessageProducer fireError
GRAVE: Missing header Content-Length in input "{"jsonrpc":"2.0","method":"workspace/didChangeWatchedFiles","params":{"changes":[{"uri":"file:///C:/Users/Rodrigo/ntuser.dat.LOG2","type":2}]}}Content-Length: 147

"
java.lang.IllegalStateException: Missing header Content-Length in input "{"jsonrpc":"2.0","method":"workspace/didChangeWatchedFiles","params":{"changes":[{"uri":"file:///C:/Users/Rodrigo/ntuser.dat.LOG2","type":2}]}}Content-Length: 147

"
	at org.eclipse.lsp4j.jsonrpc.json.StreamMessageProducer.listen(StreamMessageProducer.java:91)
	at org.eclipse.lsp4j.jsonrpc.json.ConcurrentMessageProcessor.run(ConcurrentMessageProcessor.java:113)
	at java.base/java.util.concurrent.Executors$RunnableAdapter.call(Executors.java:515)
	at java.base/java.util.concurrent.FutureTask.run(FutureTask.java:264)
	at java.base/java.util.concurrent.ThreadPoolExecutor.runWorker(ThreadPoolExecutor.java:1128)
	at java.base/java.util.concurrent.ThreadPoolExecutor$Worker.run(ThreadPoolExecutor.java:628)
	at java.base/java.lang.Thread.run(Thread.java:834)

mar 25, 2020 1:28:59 PM org.eclipse.lsp4j.jsonrpc.json.StreamMessageProducer fireError
GRAVE: Missing header Content-Length in input "{"jsonrpc":"2.0","method":"workspace/didChangeWatchedFiles","params":{"changes":[{"uri":"file:///C:/Users/Rodrigo/SuperPuTTY.settings","type":2}]}}Content-Length: 143

"
java.lang.IllegalStateException: Missing header Content-Length in input "{"jsonrpc":"2.0","method":"workspace/didChangeWatchedFiles","params":{"changes":[{"uri":"file:///C:/Users/Rodrigo/SuperPuTTY.settings","type":2}]}}Content-Length: 143

"
	at org.eclipse.lsp4j.jsonrpc.json.StreamMessageProducer.listen(StreamMessageProducer.java:91)
	at org.eclipse.lsp4j.jsonrpc.json.ConcurrentMessageProcessor.run(ConcurrentMessageProcessor.java:113)
	at java.base/java.util.concurrent.Executors$RunnableAdapter.call(Executors.java:515)
	at java.base/java.util.concurrent.FutureTask.run(FutureTask.java:264)
	at java.base/java.util.concurrent.ThreadPoolExecutor.runWorker(ThreadPoolExecutor.java:1128)
	at java.base/java.util.concurrent.ThreadPoolExecutor$Worker.run(ThreadPoolExecutor.java:628)
	at java.base/java.lang.Thread.run(Thread.java:834)

mar 25, 2020 1:28:59 PM org.eclipse.lsp4j.jsonrpc.json.StreamMessageProducer fireError
GRAVE: Missing header Content-Length in input "{"jsonrpc":"2.0","method":"workspace/didChangeWatchedFiles","params":{"changes":[{"uri":"file:///C:/Users/Rodrigo/ntuser.dat.LOG1","type":2}]}}Content-Length: 175

"
java.lang.IllegalStateException: Missing header Content-Length in input "{"jsonrpc":"2.0","method":"workspace/didChangeWatchedFiles","params":{"changes":[{"uri":"file:///C:/Users/Rodrigo/ntuser.dat.LOG1","type":2}]}}Content-Length: 175

"
	at org.eclipse.lsp4j.jsonrpc.json.StreamMessageProducer.listen(StreamMessageProducer.java:91)
	at org.eclipse.lsp4j.jsonrpc.json.ConcurrentMessageProcessor.run(ConcurrentMessageProcessor.java:113)
	at java.base/java.util.concurrent.Executors$RunnableAdapter.call(Executors.java:515)
	at java.base/java.util.concurrent.FutureTask.run(FutureTask.java:264)
	at java.base/java.util.concurrent.ThreadPoolExecutor.runWorker(ThreadPoolExecutor.java:1128)
	at java.base/java.util.concurrent.ThreadPoolExecutor$Worker.run(ThreadPoolExecutor.java:628)
	at java.base/java.lang.Thread.run(Thread.java:834)

mar 25, 2020 1:28:59 PM org.eclipse.lsp4j.jsonrpc.json.StreamMessageProducer fireError
GRAVE: Missing header Content-Length in input "{"jsonrpc":"2.0","method":"workspace/didChangeWatchedFiles","params":{"changes":[{"uri":"file:///C:/Users/Rodrigo/Desktop/Novo%20Documento%20de%20Texto%20(3).txt","type":2}]}}Content-Length: 219

"
java.lang.IllegalStateException: Missing header Content-Length in input "{"jsonrpc":"2.0","method":"workspace/didChangeWatchedFiles","params":{"changes":[{"uri":"file:///C:/Users/Rodrigo/Desktop/Novo%20Documento%20de%20Texto%20(3).txt","type":2}]}}Content-Length: 219

"
	at org.eclipse.lsp4j.jsonrpc.json.StreamMessageProducer.listen(StreamMessageProducer.java:91)
	at org.eclipse.lsp4j.jsonrpc.json.ConcurrentMessageProcessor.run(ConcurrentMessageProcessor.java:113)
	at java.base/java.util.concurrent.Executors$RunnableAdapter.call(Executors.java:515)
	at java.base/java.util.concurrent.FutureTask.run(FutureTask.java:264)
	at java.base/java.util.concurrent.ThreadPoolExecutor.runWorker(ThreadPoolExecutor.java:1128)
	at java.base/java.util.concurrent.ThreadPoolExecutor$Worker.run(ThreadPoolExecutor.java:628)
	at java.base/java.lang.Thread.run(Thread.java:834)

mar 25, 2020 1:28:59 PM org.eclipse.lsp4j.jsonrpc.json.StreamMessageProducer fireError
GRAVE: Missing header Content-Length in input "{"jsonrpc":"2.0","method":"workspace/didChangeWatchedFiles","params":{"changes":[{"uri":"file:///C:/Users/Rodrigo/Desktop/SPRINT_6_REFACTORY/novo-progredir/code-with-quarkus/lsp/properties_err_20200324.log","type":2}]}}Content-Length: 154

"
java.lang.IllegalStateException: Missing header Content-Length in input "{"jsonrpc":"2.0","method":"workspace/didChangeWatchedFiles","params":{"changes":[{"uri":"file:///C:/Users/Rodrigo/Desktop/SPRINT_6_REFACTORY/novo-progredir/code-with-quarkus/lsp/properties_err_20200324.log","type":2}]}}Content-Length: 154

"
	at org.eclipse.lsp4j.jsonrpc.json.StreamMessageProducer.listen(StreamMessageProducer.java:91)
	at org.eclipse.lsp4j.jsonrpc.json.ConcurrentMessageProcessor.run(ConcurrentMessageProcessor.java:113)
	at java.base/java.util.concurrent.Executors$RunnableAdapter.call(Executors.java:515)
	at java.base/java.util.concurrent.FutureTask.run(FutureTask.java:264)
	at java.base/java.util.concurrent.ThreadPoolExecutor.runWorker(ThreadPoolExecutor.java:1128)
	at java.base/java.util.concurrent.ThreadPoolExecutor$Worker.run(ThreadPoolExecutor.java:628)
	at java.base/java.lang.Thread.run(Thread.java:834)

mar 25, 2020 1:29:19 PM org.eclipse.lsp4j.jsonrpc.json.StreamMessageProducer fireError
GRAVE: Missing header Content-Length in input "{"jsonrpc":"2.0","method":"workspace/didChangeWatchedFiles","params":{"changes":[{"uri":"file:///C:/Users/Rodrigo/Desktop/quarkus_entrevista","type":2}]}}Content-Length: 219

"
java.lang.IllegalStateException: Missing header Content-Length in input "{"jsonrpc":"2.0","method":"workspace/didChangeWatchedFiles","params":{"changes":[{"uri":"file:///C:/Users/Rodrigo/Desktop/quarkus_entrevista","type":2}]}}Content-Length: 219

"
	at org.eclipse.lsp4j.jsonrpc.json.StreamMessageProducer.listen(StreamMessageProducer.java:91)
	at org.eclipse.lsp4j.jsonrpc.json.ConcurrentMessageProcessor.run(ConcurrentMessageProcessor.java:113)
	at java.base/java.util.concurrent.Executors$RunnableAdapter.call(Executors.java:515)
	at java.base/java.util.concurrent.FutureTask.run(FutureTask.java:264)
	at java.base/java.util.concurrent.ThreadPoolExecutor.runWorker(ThreadPoolExecutor.java:1128)
	at java.base/java.util.concurrent.ThreadPoolExecutor$Worker.run(ThreadPoolExecutor.java:628)
	at java.base/java.lang.Thread.run(Thread.java:834)

mar 25, 2020 1:29:21 PM org.eclipse.lsp4j.jsonrpc.json.StreamMessageProducer fireError
GRAVE: Missing header Content-Length in input "{"jsonrpc":"2.0","method":"workspace/didChangeWatchedFiles","params":{"changes":[{"uri":"file:///C:/Users/Rodrigo/Desktop/SPRINT_6_REFACTORY/novo-progredir/code-with-quarkus/lsp/properties_err_20200324.log","type":2}]}}Content-Length: 219

"
java.lang.IllegalStateException: Missing header Content-Length in input "{"jsonrpc":"2.0","method":"workspace/didChangeWatchedFiles","params":{"changes":[{"uri":"file:///C:/Users/Rodrigo/Desktop/SPRINT_6_REFACTORY/novo-progredir/code-with-quarkus/lsp/properties_err_20200324.log","type":2}]}}Content-Length: 219

"
	at org.eclipse.lsp4j.jsonrpc.json.StreamMessageProducer.listen(StreamMessageProducer.java:91)
	at org.eclipse.lsp4j.jsonrpc.json.ConcurrentMessageProcessor.run(ConcurrentMessageProcessor.java:113)
	at java.base/java.util.concurrent.Executors$RunnableAdapter.call(Executors.java:515)
	at java.base/java.util.concurrent.FutureTask.run(FutureTask.java:264)
	at java.base/java.util.concurrent.ThreadPoolExecutor.runWorker(ThreadPoolExecutor.java:1128)
	at java.base/java.util.concurrent.ThreadPoolExecutor$Worker.run(ThreadPoolExecutor.java:628)
	at java.base/java.lang.Thread.run(Thread.java:834)

mar 25, 2020 1:29:21 PM org.eclipse.lsp4j.jsonrpc.json.StreamMessageProducer fireError
GRAVE: Missing header Content-Length in input "{"jsonrpc":"2.0","method":"workspace/didChangeWatchedFiles","params":{"changes":[{"uri":"file:///C:/Users/Rodrigo/Desktop/SPRINT_6_REFACTORY/novo-progredir/code-with-quarkus/lsp/properties_err_20200324.log","type":2}]}}Content-Length: 219

"
java.lang.IllegalStateException: Missing header Content-Length in input "{"jsonrpc":"2.0","method":"workspace/didChangeWatchedFiles","params":{"changes":[{"uri":"file:///C:/Users/Rodrigo/Desktop/SPRINT_6_REFACTORY/novo-progredir/code-with-quarkus/lsp/properties_err_20200324.log","type":2}]}}Content-Length: 219

"
	at org.eclipse.lsp4j.jsonrpc.json.StreamMessageProducer.listen(StreamMessageProducer.java:91)
	at org.eclipse.lsp4j.jsonrpc.json.ConcurrentMessageProcessor.run(ConcurrentMessageProcessor.java:113)
	at java.base/java.util.concurrent.Executors$RunnableAdapter.call(Executors.java:515)
	at java.base/java.util.concurrent.FutureTask.run(FutureTask.java:264)
	at java.base/java.util.concurrent.ThreadPoolExecutor.runWorker(ThreadPoolExecutor.java:1128)
	at java.base/java.util.concurrent.ThreadPoolExecutor$Worker.run(ThreadPoolExecutor.java:628)
	at java.base/java.lang.Thread.run(Thread.java:834)

mar 25, 2020 1:29:54 PM org.eclipse.lsp4j.jsonrpc.json.StreamMessageProducer fireError
GRAVE: Missing header Content-Length in input "{"jsonrpc":"2.0","method":"workspace/didChangeWatchedFiles","params":{"changes":[{"uri":"file:///C:/Users/Rodrigo/Desktop/SPRINT_6_REFACTORY/novo-progredir/code-with-quarkus/lsp/properties_err_20200324.log","type":2}]}}Content-Length: 191

"
java.lang.IllegalStateException: Missing header Content-Length in input "{"jsonrpc":"2.0","method":"workspace/didChangeWatchedFiles","params":{"changes":[{"uri":"file:///C:/Users/Rodrigo/Desktop/SPRINT_6_REFACTORY/novo-progredir/code-with-quarkus/lsp/properties_err_20200324.log","type":2}]}}Content-Length: 191

"
	at org.eclipse.lsp4j.jsonrpc.json.StreamMessageProducer.listen(StreamMessageProducer.java:91)
	at org.eclipse.lsp4j.jsonrpc.json.ConcurrentMessageProcessor.run(ConcurrentMessageProcessor.java:113)
	at java.base/java.util.concurrent.Executors$RunnableAdapter.call(Executors.java:515)
	at java.base/java.util.concurrent.FutureTask.run(FutureTask.java:264)
	at java.base/java.util.concurrent.ThreadPoolExecutor.runWorker(ThreadPoolExecutor.java:1128)
	at java.base/java.util.concurrent.ThreadPoolExecutor$Worker.run(ThreadPoolExecutor.java:628)
	at java.base/java.lang.Thread.run(Thread.java:834)

mar 25, 2020 1:29:54 PM org.eclipse.lsp4j.jsonrpc.json.StreamMessageProducer fireError
GRAVE: Missing header Content-Length in input "{"jsonrpc":"2.0","method":"workspace/didChangeWatchedFiles","params":{"changes":[{"uri":"file:///C:/Users/Rodrigo/Desktop/SPRINT_6_REFACTORY/novo-progredir/servico/.idea/vcs.xml","type":3}]}}Content-Length: 198

"
java.lang.IllegalStateException: Missing header Content-Length in input "{"jsonrpc":"2.0","method":"workspace/didChangeWatchedFiles","params":{"changes":[{"uri":"file:///C:/Users/Rodrigo/Desktop/SPRINT_6_REFACTORY/novo-progredir/servico/.idea/vcs.xml","type":3}]}}Content-Length: 198

"
	at org.eclipse.lsp4j.jsonrpc.json.StreamMessageProducer.listen(StreamMessageProducer.java:91)
	at org.eclipse.lsp4j.jsonrpc.json.ConcurrentMessageProcessor.run(ConcurrentMessageProcessor.java:113)
	at java.base/java.util.concurrent.Executors$RunnableAdapter.call(Executors.java:515)
	at java.base/java.util.concurrent.FutureTask.run(FutureTask.java:264)
	at java.base/java.util.concurrent.ThreadPoolExecutor.runWorker(ThreadPoolExecutor.java:1128)
	at java.base/java.util.concurrent.ThreadPoolExecutor$Worker.run(ThreadPoolExecutor.java:628)
	at java.base/java.lang.Thread.run(Thread.java:834)

mar 25, 2020 1:29:54 PM org.eclipse.lsp4j.jsonrpc.json.StreamMessageProducer fireError
GRAVE: Missing header Content-Length in input "{"jsonrpc":"2.0","method":"workspace/didChangeWatchedFiles","params":{"changes":[{"uri":"file:///C:/Users/Rodrigo/Desktop/SPRINT_6_REFACTORY/novo-progredir/servico/.idea/uiDesigner.xml","type":3}]}}Content-Length: 197

"
java.lang.IllegalStateException: Missing header Content-Length in input "{"jsonrpc":"2.0","method":"workspace/didChangeWatchedFiles","params":{"changes":[{"uri":"file:///C:/Users/Rodrigo/Desktop/SPRINT_6_REFACTORY/novo-progredir/servico/.idea/uiDesigner.xml","type":3}]}}Content-Length: 197

"
	at org.eclipse.lsp4j.jsonrpc.json.StreamMessageProducer.listen(StreamMessageProducer.java:91)
	at org.eclipse.lsp4j.jsonrpc.json.ConcurrentMessageProcessor.run(ConcurrentMessageProcessor.java:113)
	at java.base/java.util.concurrent.Executors$RunnableAdapter.call(Executors.java:515)
	at java.base/java.util.concurrent.FutureTask.run(FutureTask.java:264)
	at java.base/java.util.concurrent.ThreadPoolExecutor.runWorker(ThreadPoolExecutor.java:1128)
	at java.base/java.util.concurrent.ThreadPoolExecutor$Worker.run(ThreadPoolExecutor.java:628)
	at java.base/java.lang.Thread.run(Thread.java:834)

mar 25, 2020 1:29:54 PM org.eclipse.lsp4j.jsonrpc.json.StreamMessageProducer fireError
GRAVE: Missing header Content-Length in input "{"jsonrpc":"2.0","method":"workspace/didChangeWatchedFiles","params":{"changes":[{"uri":"file:///C:/Users/Rodrigo/Desktop/SPRINT_6_REFACTORY/novo-progredir/servico/.idea/workspace.xml","type":3}]}}Content-Length: 189

"
java.lang.IllegalStateException: Missing header Content-Length in input "{"jsonrpc":"2.0","method":"workspace/didChangeWatchedFiles","params":{"changes":[{"uri":"file:///C:/Users/Rodrigo/Desktop/SPRINT_6_REFACTORY/novo-progredir/servico/.idea/workspace.xml","type":3}]}}Content-Length: 189

"
	at org.eclipse.lsp4j.jsonrpc.json.StreamMessageProducer.listen(StreamMessageProducer.java:91)
	at org.eclipse.lsp4j.jsonrpc.json.ConcurrentMessageProcessor.run(ConcurrentMessageProcessor.java:113)
	at java.base/java.util.concurrent.Executors$RunnableAdapter.call(Executors.java:515)
	at java.base/java.util.concurrent.FutureTask.run(FutureTask.java:264)
	at java.base/java.util.concurrent.ThreadPoolExecutor.runWorker(ThreadPoolExecutor.java:1128)
	at java.base/java.util.concurrent.ThreadPoolExecutor$Worker.run(ThreadPoolExecutor.java:628)
	at java.base/java.lang.Thread.run(Thread.java:834)

mar 25, 2020 1:29:54 PM org.eclipse.lsp4j.jsonrpc.json.StreamMessageProducer fireError
GRAVE: Missing header Content-Length in input "{"jsonrpc":"2.0","method":"workspace/didChangeWatchedFiles","params":{"changes":[{"uri":"file:///C:/Users/Rodrigo/Desktop/SPRINT_6_REFACTORY/novo-progredir/servico/.idea/.name","type":3}]}}Content-Length: 208

"
java.lang.IllegalStateException: Missing header Content-Length in input "{"jsonrpc":"2.0","method":"workspace/didChangeWatchedFiles","params":{"changes":[{"uri":"file:///C:/Users/Rodrigo/Desktop/SPRINT_6_REFACTORY/novo-progredir/servico/.idea/.name","type":3}]}}Content-Length: 208

"
	at org.eclipse.lsp4j.jsonrpc.json.StreamMessageProducer.listen(StreamMessageProducer.java:91)
	at org.eclipse.lsp4j.jsonrpc.json.ConcurrentMessageProcessor.run(ConcurrentMessageProcessor.java:113)
	at java.base/java.util.concurrent.Executors$RunnableAdapter.call(Executors.java:515)
	at java.base/java.util.concurrent.FutureTask.run(FutureTask.java:264)
	at java.base/java.util.concurrent.ThreadPoolExecutor.runWorker(ThreadPoolExecutor.java:1128)
	at java.base/java.util.concurrent.ThreadPoolExecutor$Worker.run(ThreadPoolExecutor.java:628)
	at java.base/java.lang.Thread.run(Thread.java:834)

mar 25, 2020 1:29:54 PM org.eclipse.lsp4j.jsonrpc.json.StreamMessageProducer fireError
GRAVE: Missing header Content-Length in input "{"jsonrpc":"2.0","method":"workspace/didChangeWatchedFiles","params":{"changes":[{"uri":"file:///C:/Users/Rodrigo/Desktop/SPRINT_6_REFACTORY/novo-progredir/servico/.idea/$PRODUCT_WORKSPACE_FILE$","type":3}]}}Content-Length: 192

"
java.lang.IllegalStateException: Missing header Content-Length in input "{"jsonrpc":"2.0","method":"workspace/didChangeWatchedFiles","params":{"changes":[{"uri":"file:///C:/Users/Rodrigo/Desktop/SPRINT_6_REFACTORY/novo-progredir/servico/.idea/$PRODUCT_WORKSPACE_FILE$","type":3}]}}Content-Length: 192

"
	at org.eclipse.lsp4j.jsonrpc.json.StreamMessageProducer.listen(StreamMessageProducer.java:91)
	at org.eclipse.lsp4j.jsonrpc.json.ConcurrentMessageProcessor.run(ConcurrentMessageProcessor.java:113)
	at java.base/java.util.concurrent.Executors$RunnableAdapter.call(Executors.java:515)
	at java.base/java.util.concurrent.FutureTask.run(FutureTask.java:264)
	at java.base/java.util.concurrent.ThreadPoolExecutor.runWorker(ThreadPoolExecutor.java:1128)
	at java.base/java.util.concurrent.ThreadPoolExecutor$Worker.run(ThreadPoolExecutor.java:628)
	at java.base/java.lang.Thread.run(Thread.java:834)

mar 25, 2020 1:29:54 PM org.eclipse.lsp4j.jsonrpc.json.StreamMessageProducer fireError
GRAVE: Missing header Content-Length in input "{"jsonrpc":"2.0","method":"workspace/didChangeWatchedFiles","params":{"changes":[{"uri":"file:///C:/Users/Rodrigo/Desktop/SPRINT_6_REFACTORY/novo-progredir/servico/.idea/misc.xml","type":3}]}}Content-Length: 196

"
java.lang.IllegalStateException: Missing header Content-Length in input "{"jsonrpc":"2.0","method":"workspace/didChangeWatchedFiles","params":{"changes":[{"uri":"file:///C:/Users/Rodrigo/Desktop/SPRINT_6_REFACTORY/novo-progredir/servico/.idea/misc.xml","type":3}]}}Content-Length: 196

"
	at org.eclipse.lsp4j.jsonrpc.json.StreamMessageProducer.listen(StreamMessageProducer.java:91)
	at org.eclipse.lsp4j.jsonrpc.json.ConcurrentMessageProcessor.run(ConcurrentMessageProcessor.java:113)
	at java.base/java.util.concurrent.Executors$RunnableAdapter.call(Executors.java:515)
	at java.base/java.util.concurrent.FutureTask.run(FutureTask.java:264)
	at java.base/java.util.concurrent.ThreadPoolExecutor.runWorker(ThreadPoolExecutor.java:1128)
	at java.base/java.util.concurrent.ThreadPoolExecutor$Worker.run(ThreadPoolExecutor.java:628)
	at java.base/java.lang.Thread.run(Thread.java:834)

mar 25, 2020 1:29:54 PM org.eclipse.lsp4j.jsonrpc.json.StreamMessageProducer fireError
GRAVE: Missing header Content-Length in input "{"jsonrpc":"2.0","method":"workspace/didChangeWatchedFiles","params":{"changes":[{"uri":"file:///C:/Users/Rodrigo/Desktop/SPRINT_6_REFACTORY/novo-progredir/servico/.idea/compiler.xml","type":3}]}}Content-Length: 197

"
java.lang.IllegalStateException: Missing header Content-Length in input "{"jsonrpc":"2.0","method":"workspace/didChangeWatchedFiles","params":{"changes":[{"uri":"file:///C:/Users/Rodrigo/Desktop/SPRINT_6_REFACTORY/novo-progredir/servico/.idea/compiler.xml","type":3}]}}Content-Length: 197

"
	at org.eclipse.lsp4j.jsonrpc.json.StreamMessageProducer.listen(StreamMessageProducer.java:91)
	at org.eclipse.lsp4j.jsonrpc.json.ConcurrentMessageProcessor.run(ConcurrentMessageProcessor.java:113)
	at java.base/java.util.concurrent.Executors$RunnableAdapter.call(Executors.java:515)
	at java.base/java.util.concurrent.FutureTask.run(FutureTask.java:264)
	at java.base/java.util.concurrent.ThreadPoolExecutor.runWorker(ThreadPoolExecutor.java:1128)
	at java.base/java.util.concurrent.ThreadPoolExecutor$Worker.run(ThreadPoolExecutor.java:628)
	at java.base/java.lang.Thread.run(Thread.java:834)

mar 25, 2020 1:29:57 PM org.eclipse.lsp4j.jsonrpc.json.StreamMessageProducer fireError
GRAVE: Missing header Content-Length in input "{"jsonrpc":"2.0","method":"workspace/didChangeWatchedFiles","params":{"changes":[{"uri":"file:///C:/Users/Rodrigo/Desktop/SPRINT_6_REFACTORY/novo-progredir/servico/.idea/encodings.xml","type":3}]}}Content-Length: 224

"
java.lang.IllegalStateException: Missing header Content-Length in input "{"jsonrpc":"2.0","method":"workspace/didChangeWatchedFiles","params":{"changes":[{"uri":"file:///C:/Users/Rodrigo/Desktop/SPRINT_6_REFACTORY/novo-progredir/servico/.idea/encodings.xml","type":3}]}}Content-Length: 224

"
	at org.eclipse.lsp4j.jsonrpc.json.StreamMessageProducer.listen(StreamMessageProducer.java:91)
	at org.eclipse.lsp4j.jsonrpc.json.ConcurrentMessageProcessor.run(ConcurrentMessageProcessor.java:113)
	at java.base/java.util.concurrent.Executors$RunnableAdapter.call(Executors.java:515)
	at java.base/java.util.concurrent.FutureTask.run(FutureTask.java:264)
	at java.base/java.util.concurrent.ThreadPoolExecutor.runWorker(ThreadPoolExecutor.java:1128)
	at java.base/java.util.concurrent.ThreadPoolExecutor$Worker.run(ThreadPoolExecutor.java:628)
	at java.base/java.lang.Thread.run(Thread.java:834)

mar 25, 2020 1:29:57 PM org.eclipse.lsp4j.jsonrpc.json.StreamMessageProducer fireError
GRAVE: Missing header Content-Length in input "{"jsonrpc":"2.0","method":"textDocument/willSave","params":{"textDocument":{"uri":"file:///C:/Users/Rodrigo/Desktop/SPRINT_6_REFACTORY/novo-progredir/code-with-quarkus/src/main/resources/application.properties"},"reason":1}}Content-Length: 60

"
java.lang.IllegalStateException: Missing header Content-Length in input "{"jsonrpc":"2.0","method":"textDocument/willSave","params":{"textDocument":{"uri":"file:///C:/Users/Rodrigo/Desktop/SPRINT_6_REFACTORY/novo-progredir/code-with-quarkus/src/main/resources/application.properties"},"reason":1}}Content-Length: 60

"
	at org.eclipse.lsp4j.jsonrpc.json.StreamMessageProducer.listen(StreamMessageProducer.java:91)
	at org.eclipse.lsp4j.jsonrpc.json.ConcurrentMessageProcessor.run(ConcurrentMessageProcessor.java:113)
	at java.base/java.util.concurrent.Executors$RunnableAdapter.call(Executors.java:515)
	at java.base/java.util.concurrent.FutureTask.run(FutureTask.java:264)
	at java.base/java.util.concurrent.ThreadPoolExecutor.runWorker(ThreadPoolExecutor.java:1128)
	at java.base/java.util.concurrent.ThreadPoolExecutor$Worker.run(ThreadPoolExecutor.java:628)
	at java.base/java.lang.Thread.run(Thread.java:834)

mar 25, 2020 1:29:57 PM org.eclipse.lsp4j.jsonrpc.json.StreamMessageProducer fireError
GRAVE: Missing header Content-Length in input "{"jsonrpc":"2.0","id":"3","method":"shutdown","params":null}Content-Length: 213

"
java.lang.IllegalStateException: Missing header Content-Length in input "{"jsonrpc":"2.0","id":"3","method":"shutdown","params":null}Content-Length: 213

"
	at org.eclipse.lsp4j.jsonrpc.json.StreamMessageProducer.listen(StreamMessageProducer.java:91)
	at org.eclipse.lsp4j.jsonrpc.json.ConcurrentMessageProcessor.run(ConcurrentMessageProcessor.java:113)
	at java.base/java.util.concurrent.Executors$RunnableAdapter.call(Executors.java:515)
	at java.base/java.util.concurrent.FutureTask.run(FutureTask.java:264)
	at java.base/java.util.concurrent.ThreadPoolExecutor.runWorker(ThreadPoolExecutor.java:1128)
	at java.base/java.util.concurrent.ThreadPoolExecutor$Worker.run(ThreadPoolExecutor.java:628)
	at java.base/java.lang.Thread.run(Thread.java:834)

mar 25, 2020 1:29:57 PM org.eclipse.lsp4j.jsonrpc.json.StreamMessageProducer fireError
GRAVE: Missing header Content-Length in input "{"jsonrpc":"2.0","method":"textDocument/didClose","params":{"textDocument":{"uri":"file:///C:/Users/Rodrigo/Desktop/SPRINT_6_REFACTORY/novo-progredir/code-with-quarkus/src/main/resources/application.properties"}}}Content-Length: 197

"
java.lang.IllegalStateException: Missing header Content-Length in input "{"jsonrpc":"2.0","method":"textDocument/didClose","params":{"textDocument":{"uri":"file:///C:/Users/Rodrigo/Desktop/SPRINT_6_REFACTORY/novo-progredir/code-with-quarkus/src/main/resources/application.properties"}}}Content-Length: 197

"
	at org.eclipse.lsp4j.jsonrpc.json.StreamMessageProducer.listen(StreamMessageProducer.java:91)
	at org.eclipse.lsp4j.jsonrpc.json.ConcurrentMessageProcessor.run(ConcurrentMessageProcessor.java:113)
	at java.base/java.util.concurrent.Executors$RunnableAdapter.call(Executors.java:515)
	at java.base/java.util.concurrent.FutureTask.run(FutureTask.java:264)
	at java.base/java.util.concurrent.ThreadPoolExecutor.runWorker(ThreadPoolExecutor.java:1128)
	at java.base/java.util.concurrent.ThreadPoolExecutor$Worker.run(ThreadPoolExecutor.java:628)
	at java.base/java.lang.Thread.run(Thread.java:834)

mar 25, 2020 1:29:57 PM org.eclipse.lsp4j.jsonrpc.json.StreamMessageProducer fireError
GRAVE: Missing header Content-Length in input "{"jsonrpc":"2.0","method":"workspace/didChangeWatchedFiles","params":{"changes":[{"uri":"file:///C:/Users/Rodrigo/Desktop/SPRINT_6_REFACTORY/novo-progredir/servico/.idea/workspace.xml","type":1}]}}Content-Length: 197

"
java.lang.IllegalStateException: Missing header Content-Length in input "{"jsonrpc":"2.0","method":"workspace/didChangeWatchedFiles","params":{"changes":[{"uri":"file:///C:/Users/Rodrigo/Desktop/SPRINT_6_REFACTORY/novo-progredir/servico/.idea/workspace.xml","type":1}]}}Content-Length: 197

"
	at org.eclipse.lsp4j.jsonrpc.json.StreamMessageProducer.listen(StreamMessageProducer.java:91)
	at org.eclipse.lsp4j.jsonrpc.json.ConcurrentMessageProcessor.run(ConcurrentMessageProcessor.java:113)
	at java.base/java.util.concurrent.Executors$RunnableAdapter.call(Executors.java:515)
	at java.base/java.util.concurrent.FutureTask.run(FutureTask.java:264)
	at java.base/java.util.concurrent.ThreadPoolExecutor.runWorker(ThreadPoolExecutor.java:1128)
	at java.base/java.util.concurrent.ThreadPoolExecutor$Worker.run(ThreadPoolExecutor.java:628)
	at java.base/java.lang.Thread.run(Thread.java:834)

mar 25, 2020 1:29:57 PM org.eclipse.lsp4j.jsonrpc.json.StreamMessageProducer fireError
GRAVE: Missing header Content-Length in input "{"jsonrpc":"2.0","method":"workspace/didChangeWatchedFiles","params":{"changes":[{"uri":"file:///C:/Users/Rodrigo/Desktop/SPRINT_6_REFACTORY/novo-progredir/servico/.idea/workspace.xml","type":2}]}}Content-Length: 192

"
java.lang.IllegalStateException: Missing header Content-Length in input "{"jsonrpc":"2.0","method":"workspace/didChangeWatchedFiles","params":{"changes":[{"uri":"file:///C:/Users/Rodrigo/Desktop/SPRINT_6_REFACTORY/novo-progredir/servico/.idea/workspace.xml","type":2}]}}Content-Length: 192

"
	at org.eclipse.lsp4j.jsonrpc.json.StreamMessageProducer.listen(StreamMessageProducer.java:91)
	at org.eclipse.lsp4j.jsonrpc.json.ConcurrentMessageProcessor.run(ConcurrentMessageProcessor.java:113)
	at java.base/java.util.concurrent.Executors$RunnableAdapter.call(Executors.java:515)
	at java.base/java.util.concurrent.FutureTask.run(FutureTask.java:264)
	at java.base/java.util.concurrent.ThreadPoolExecutor.runWorker(ThreadPoolExecutor.java:1128)
	at java.base/java.util.concurrent.ThreadPoolExecutor$Worker.run(ThreadPoolExecutor.java:628)
	at java.base/java.lang.Thread.run(Thread.java:834)

mar 25, 2020 1:29:57 PM org.eclipse.lsp4j.jsonrpc.json.StreamMessageProducer fireError
GRAVE: Missing header Content-Length in input "{"jsonrpc":"2.0","method":"workspace/didChangeWatchedFiles","params":{"changes":[{"uri":"file:///C:/Users/Rodrigo/Desktop/SPRINT_6_REFACTORY/novo-progredir/servico/.idea/misc.xml","type":1}]}}Content-Length: 192

"
java.lang.IllegalStateException: Missing header Content-Length in input "{"jsonrpc":"2.0","method":"workspace/didChangeWatchedFiles","params":{"changes":[{"uri":"file:///C:/Users/Rodrigo/Desktop/SPRINT_6_REFACTORY/novo-progredir/servico/.idea/misc.xml","type":1}]}}Content-Length: 192

"
	at org.eclipse.lsp4j.jsonrpc.json.StreamMessageProducer.listen(StreamMessageProducer.java:91)
	at org.eclipse.lsp4j.jsonrpc.json.ConcurrentMessageProcessor.run(ConcurrentMessageProcessor.java:113)
	at java.base/java.util.concurrent.Executors$RunnableAdapter.call(Executors.java:515)
	at java.base/java.util.concurrent.FutureTask.run(FutureTask.java:264)
	at java.base/java.util.concurrent.ThreadPoolExecutor.runWorker(ThreadPoolExecutor.java:1128)
	at java.base/java.util.concurrent.ThreadPoolExecutor$Worker.run(ThreadPoolExecutor.java:628)
	at java.base/java.lang.Thread.run(Thread.java:834)

mar 25, 2020 1:29:57 PM org.eclipse.lsp4j.jsonrpc.json.StreamMessageProducer fireError
GRAVE: Missing header Content-Length in input "{"jsonrpc":"2.0","method":"workspace/didChangeWatchedFiles","params":{"changes":[{"uri":"file:///C:/Users/Rodrigo/Desktop/SPRINT_6_REFACTORY/novo-progredir/servico/.idea/misc.xml","type":2}]}}Content-Length: 208

"
java.lang.IllegalStateException: Missing header Content-Length in input "{"jsonrpc":"2.0","method":"workspace/didChangeWatchedFiles","params":{"changes":[{"uri":"file:///C:/Users/Rodrigo/Desktop/SPRINT_6_REFACTORY/novo-progredir/servico/.idea/misc.xml","type":2}]}}Content-Length: 208

"
	at org.eclipse.lsp4j.jsonrpc.json.StreamMessageProducer.listen(StreamMessageProducer.java:91)
	at org.eclipse.lsp4j.jsonrpc.json.ConcurrentMessageProcessor.run(ConcurrentMessageProcessor.java:113)
	at java.base/java.util.concurrent.Executors$RunnableAdapter.call(Executors.java:515)
	at java.base/java.util.concurrent.FutureTask.run(FutureTask.java:264)
	at java.base/java.util.concurrent.ThreadPoolExecutor.runWorker(ThreadPoolExecutor.java:1128)
	at java.base/java.util.concurrent.ThreadPoolExecutor$Worker.run(ThreadPoolExecutor.java:628)
	at java.base/java.lang.Thread.run(Thread.java:834)

mar 25, 2020 1:29:57 PM org.eclipse.lsp4j.jsonrpc.json.StreamMessageProducer fireError
GRAVE: Missing header Content-Length in input "{"jsonrpc":"2.0","method":"workspace/didChangeWatchedFiles","params":{"changes":[{"uri":"file:///C:/Users/Rodrigo/Desktop/SPRINT_6_REFACTORY/novo-progredir/servico/.idea/$PRODUCT_WORKSPACE_FILE$","type":1}]}}Content-Length: 219

"
java.lang.IllegalStateException: Missing header Content-Length in input "{"jsonrpc":"2.0","method":"workspace/didChangeWatchedFiles","params":{"changes":[{"uri":"file:///C:/Users/Rodrigo/Desktop/SPRINT_6_REFACTORY/novo-progredir/servico/.idea/$PRODUCT_WORKSPACE_FILE$","type":1}]}}Content-Length: 219

"
	at org.eclipse.lsp4j.jsonrpc.json.StreamMessageProducer.listen(StreamMessageProducer.java:91)
	at org.eclipse.lsp4j.jsonrpc.json.ConcurrentMessageProcessor.run(ConcurrentMessageProcessor.java:113)
	at java.base/java.util.concurrent.Executors$RunnableAdapter.call(Executors.java:515)
	at java.base/java.util.concurrent.FutureTask.run(FutureTask.java:264)
	at java.base/java.util.concurrent.ThreadPoolExecutor.runWorker(ThreadPoolExecutor.java:1128)
	at java.base/java.util.concurrent.ThreadPoolExecutor$Worker.run(ThreadPoolExecutor.java:628)
	at java.base/java.lang.Thread.run(Thread.java:834)

mar 25, 2020 1:29:57 PM org.eclipse.lsp4j.jsonrpc.json.StreamMessageProducer fireError
GRAVE: Missing header Content-Length in input "{"jsonrpc":"2.0","method":"workspace/didChangeWatchedFiles","params":{"changes":[{"uri":"file:///C:/Users/Rodrigo/Desktop/SPRINT_6_REFACTORY/novo-progredir/code-with-quarkus/lsp/properties_err_20200324.log","type":2}]}}Content-Length: 143

"
java.lang.IllegalStateException: Missing header Content-Length in input "{"jsonrpc":"2.0","method":"workspace/didChangeWatchedFiles","params":{"changes":[{"uri":"file:///C:/Users/Rodrigo/Desktop/SPRINT_6_REFACTORY/novo-progredir/code-with-quarkus/lsp/properties_err_20200324.log","type":2}]}}Content-Length: 143

"
	at org.eclipse.lsp4j.jsonrpc.json.StreamMessageProducer.listen(StreamMessageProducer.java:91)
	at org.eclipse.lsp4j.jsonrpc.json.ConcurrentMessageProcessor.run(ConcurrentMessageProcessor.java:113)
	at java.base/java.util.concurrent.Executors$RunnableAdapter.call(Executors.java:515)
	at java.base/java.util.concurrent.FutureTask.run(FutureTask.java:264)
	at java.base/java.util.concurrent.ThreadPoolExecutor.runWorker(ThreadPoolExecutor.java:1128)
	at java.base/java.util.concurrent.ThreadPoolExecutor$Worker.run(ThreadPoolExecutor.java:628)
	at java.base/java.lang.Thread.run(Thread.java:834)

mar 25, 2020 1:29:57 PM org.eclipse.lsp4j.jsonrpc.json.StreamMessageProducer fireError
GRAVE: Missing header Content-Length in input "{"jsonrpc":"2.0","method":"workspace/didChangeWatchedFiles","params":{"changes":[{"uri":"file:///C:/Users/Rodrigo/ntuser.dat.LOG1","type":2}]}}Content-Length: 189

"
java.lang.IllegalStateException: Missing header Content-Length in input "{"jsonrpc":"2.0","method":"workspace/didChangeWatchedFiles","params":{"changes":[{"uri":"file:///C:/Users/Rodrigo/ntuser.dat.LOG1","type":2}]}}Content-Length: 189

"
	at org.eclipse.lsp4j.jsonrpc.json.StreamMessageProducer.listen(StreamMessageProducer.java:91)
	at org.eclipse.lsp4j.jsonrpc.json.ConcurrentMessageProcessor.run(ConcurrentMessageProcessor.java:113)
	at java.base/java.util.concurrent.Executors$RunnableAdapter.call(Executors.java:515)
	at java.base/java.util.concurrent.FutureTask.run(FutureTask.java:264)
	at java.base/java.util.concurrent.ThreadPoolExecutor.runWorker(ThreadPoolExecutor.java:1128)
	at java.base/java.util.concurrent.ThreadPoolExecutor$Worker.run(ThreadPoolExecutor.java:628)
	at java.base/java.lang.Thread.run(Thread.java:834)

mar 25, 2020 1:29:57 PM org.eclipse.lsp4j.jsonrpc.json.StreamMessageProducer fireError
GRAVE: Missing header Content-Length in input "{"jsonrpc":"2.0","method":"workspace/didChangeWatchedFiles","params":{"changes":[{"uri":"file:///C:/Users/Rodrigo/Desktop/SPRINT_6_REFACTORY/novo-progredir/servico/.idea/.name","type":1}]}}Content-Length: 219

"
java.lang.IllegalStateException: Missing header Content-Length in input "{"jsonrpc":"2.0","method":"workspace/didChangeWatchedFiles","params":{"changes":[{"uri":"file:///C:/Users/Rodrigo/Desktop/SPRINT_6_REFACTORY/novo-progredir/servico/.idea/.name","type":1}]}}Content-Length: 219

"
	at org.eclipse.lsp4j.jsonrpc.json.StreamMessageProducer.listen(StreamMessageProducer.java:91)
	at org.eclipse.lsp4j.jsonrpc.json.ConcurrentMessageProcessor.run(ConcurrentMessageProcessor.java:113)
	at java.base/java.util.concurrent.Executors$RunnableAdapter.call(Executors.java:515)
	at java.base/java.util.concurrent.FutureTask.run(FutureTask.java:264)
	at java.base/java.util.concurrent.ThreadPoolExecutor.runWorker(ThreadPoolExecutor.java:1128)
	at java.base/java.util.concurrent.ThreadPoolExecutor$Worker.run(ThreadPoolExecutor.java:628)
	at java.base/java.lang.Thread.run(Thread.java:834)

